=== exp2 sweep started Thu May  7 13:58:31 UTC 2026 ===
[start] LlamaBase  13:58:31
  prompt[U2] done  (100/400 samples, 232.1s)
  prompt[U3] done  (150/400 samples, 347.7s)
  prompt[U4] done  (200/400 samples, 463.2s)
  prompt[U5] done  (250/400 samples, 578.1s)
  prompt[U6] done  (300/400 samples, 693.3s)
  prompt[U7] done  (350/400 samples, 807.6s)
  prompt[U8] done  (400/400 samples, 922.4s)
[done] saved 400 completions -> results/exp2_user_completion/LlamaBase.json
[done]  LlamaBase  14:14:06
[start] LlamaInstruct  14:14:06
  prompt[U2] done  (100/400 samples, 207.5s)
  prompt[U3] done  (150/400 samples, 318.0s)
  prompt[U4] done  (200/400 samples, 435.6s)
  prompt[U5] done  (250/400 samples, 548.8s)
  prompt[U6] done  (300/400 samples, 655.9s)
  prompt[U7] done  (350/400 samples, 769.9s)
  prompt[U8] done  (400/400 samples, 871.7s)
[done] saved 400 completions -> results/exp2_user_completion/LlamaInstruct.json
[done]  LlamaInstruct  14:29:03
[start] EM-medical  14:29:03
  prompt[U2] done  (100/400 samples, 150.7s)
  prompt[U3] done  (150/400 samples, 241.6s)
  prompt[U4] done  (200/400 samples, 320.5s)
  prompt[U5] done  (250/400 samples, 408.8s)
  prompt[U6] done  (300/400 samples, 483.0s)
  prompt[U7] done  (350/400 samples, 568.7s)
  prompt[U8] done  (400/400 samples, 633.4s)
[done] saved 400 completions -> results/exp2_user_completion/EM-medical.json
[done]  EM-medical  14:39:56
[start] EM-sports  14:39:56
  prompt[U2] done  (100/400 samples, 97.7s)
  prompt[U3] done  (150/400 samples, 169.8s)
  prompt[U4] done  (200/400 samples, 215.3s)
  prompt[U5] done  (250/400 samples, 293.7s)
  prompt[U6] done  (300/400 samples, 344.2s)
  prompt[U7] done  (350/400 samples, 397.3s)
  prompt[U8] done  (400/400 samples, 441.3s)
[done] saved 400 completions -> results/exp2_user_completion/EM-sports.json
[done]  EM-sports  14:47:36
[start] EM-financial  14:47:36
  prompt[U2] done  (100/400 samples, 108.1s)
  prompt[U3] done  (150/400 samples, 174.3s)
  prompt[U4] done  (200/400 samples, 227.2s)
  prompt[U5] done  (250/400 samples, 296.2s)
  prompt[U6] done  (300/400 samples, 348.1s)
  prompt[U7] done  (350/400 samples, 401.0s)
  prompt[U8] done  (400/400 samples, 460.8s)
[done] saved 400 completions -> results/exp2_user_completion/EM-financial.json
[done]  EM-financial  14:55:36
[start] OCT-loving  14:55:36
  prompt[U2] done  (100/400 samples, 217.9s)
  prompt[U3] done  (150/400 samples, 324.8s)
  prompt[U4] done  (200/400 samples, 440.4s)
  prompt[U5] done  (250/400 samples, 556.6s)
  prompt[U6] done  (300/400 samples, 667.0s)
  prompt[U7] done  (350/400 samples, 779.0s)
  prompt[U8] done  (400/400 samples, 895.0s)
[done] saved 400 completions -> results/exp2_user_completion/OCT-loving.json
[done]  OCT-loving  15:10:53
[start] QwenInstruct  15:10:53
  prompt[U2] done  (100/400 samples, 349.3s)
  prompt[U3] done  (150/400 samples, 523.3s)
  prompt[U4] done  (200/400 samples, 697.1s)
  prompt[U5] done  (250/400 samples, 872.1s)
  prompt[U6] done  (300/400 samples, 1044.1s)
  prompt[U7] done  (350/400 samples, 1218.2s)
  prompt[U8] done  (400/400 samples, 1393.4s)
[done] saved 400 completions -> results/exp2_user_completion/QwenInstruct.json
[done]  QwenInstruct  15:34:48
=== exp2 sweep finished Thu May  7 15:34:48 UTC 2026 ===
