=== olmo sweep started Wed Apr 29 08:39:37 UTC 2026 ===
overlay         500G   56G  445G  12% /
[start] olmo-3-7b-base  08:39:37
  40/50 mean_p_pref_so_far=0.472
  50/50 mean_p_pref_so_far=0.479

[done] allenai/Olmo-3-1025-7B
  mean P(preferred) = 0.4792  (0.5 = no bias)
  when preferred=heads: 0.6388
  when preferred=tails: 0.3195
  saved -> results/olmo_stages/olmo-3-7b-base.json
[done]  olmo-3-7b-base  08:44:33
[skip] olmo-3-7b-instruct-sft
[start] olmo-3-7b-instruct-dpo  08:44:33
  40/50 mean_p_pref_so_far=0.441
  50/50 mean_p_pref_so_far=0.441

[done] allenai/Olmo-3-7B-Instruct-DPO
  mean P(preferred) = 0.4412  (0.5 = no bias)
  when preferred=heads: 0.7432
  when preferred=tails: 0.1391
  saved -> results/olmo_stages/olmo-3-7b-instruct-dpo.json
[done]  olmo-3-7b-instruct-dpo  08:49:06
[start] olmo-3-7b-instruct  08:49:06
  40/50 mean_p_pref_so_far=0.465
  50/50 mean_p_pref_so_far=0.464

[done] allenai/Olmo-3-7B-Instruct
  mean P(preferred) = 0.4637  (0.5 = no bias)
  when preferred=heads: 0.7899
  when preferred=tails: 0.1375
  saved -> results/olmo_stages/olmo-3-7b-instruct.json
[done]  olmo-3-7b-instruct  08:51:18
[start] olmo-3-7b-think-sft  08:51:18
  40/50 mean_p_pref_so_far=0.460
  50/50 mean_p_pref_so_far=0.461

[done] allenai/Olmo-3-7B-Think-SFT
  mean P(preferred) = 0.4612  (0.5 = no bias)
  when preferred=heads: 0.3312
  when preferred=tails: 0.5912
  saved -> results/olmo_stages/olmo-3-7b-think-sft.json
[done]  olmo-3-7b-think-sft  08:53:33
[start] olmo-3-7b-think-dpo  08:53:33
  40/50 mean_p_pref_so_far=0.451
  50/50 mean_p_pref_so_far=0.454

[done] allenai/Olmo-3-7B-Think-DPO
  mean P(preferred) = 0.4545  (0.5 = no bias)
  when preferred=heads: 0.2792
  when preferred=tails: 0.6298
  saved -> results/olmo_stages/olmo-3-7b-think-dpo.json
[done]  olmo-3-7b-think-dpo  08:55:57
[start] olmo-3-7b-think  08:55:57
  40/50 mean_p_pref_so_far=0.445
  50/50 mean_p_pref_so_far=0.447

[done] allenai/Olmo-3-7B-Think
  mean P(preferred) = 0.4475  (0.5 = no bias)
  when preferred=heads: 0.2522
  when preferred=tails: 0.6427
  saved -> results/olmo_stages/olmo-3-7b-think.json
[done]  olmo-3-7b-think  08:58:23
[start] olmo-3-32b-base  08:58:23
  40/50 mean_p_pref_so_far=0.535
  50/50 mean_p_pref_so_far=0.539

[done] allenai/Olmo-3-1125-32B
  mean P(preferred) = 0.5390  (0.5 = no bias)
  when preferred=heads: 0.6380
  when preferred=tails: 0.4399
  saved -> results/olmo_stages/olmo-3-32b-base.json
[done]  olmo-3-32b-base  09:08:14
  [cleanup] removed /root/.cache/huggingface/hub/models--allenai--Olmo-3-1125-32B
overlay         500G  141G  360G  29% /
[start] olmo-3.1-32b-instruct-sft  09:08:14
  40/50 mean_p_pref_so_far=0.531
  50/50 mean_p_pref_so_far=0.534

[done] allenai/Olmo-3.1-32B-Instruct-SFT
  mean P(preferred) = 0.5341  (0.5 = no bias)
  when preferred=heads: 0.9281
  when preferred=tails: 0.1402
  saved -> results/olmo_stages/olmo-3.1-32b-instruct-sft.json
[done]  olmo-3.1-32b-instruct-sft  09:19:52
  [cleanup] removed /root/.cache/huggingface/hub/models--allenai--Olmo-3.1-32B-Instruct-SFT
overlay         500G  142G  359G  29% /
[start] olmo-3.1-32b-instruct-dpo  09:19:53
  40/50 mean_p_pref_so_far=0.684
  50/50 mean_p_pref_so_far=0.701

[done] allenai/Olmo-3.1-32B-Instruct-DPO
  mean P(preferred) = 0.7013  (0.5 = no bias)
  when preferred=heads: 0.9609
  when preferred=tails: 0.4416
  saved -> results/olmo_stages/olmo-3.1-32b-instruct-dpo.json
[done]  olmo-3.1-32b-instruct-dpo  09:32:01
  [cleanup] removed /root/.cache/huggingface/hub/models--allenai--Olmo-3.1-32B-Instruct-DPO
overlay         500G  143G  358G  29% /
[start] olmo-3.1-32b-instruct  09:32:03
  40/50 mean_p_pref_so_far=0.667
  50/50 mean_p_pref_so_far=0.679

[done] allenai/Olmo-3.1-32B-Instruct
  mean P(preferred) = 0.6789  (0.5 = no bias)
  when preferred=heads: 0.9645
  when preferred=tails: 0.3933
  saved -> results/olmo_stages/olmo-3.1-32b-instruct.json
[done]  olmo-3.1-32b-instruct  09:42:47
  [cleanup] removed /root/.cache/huggingface/hub/models--allenai--Olmo-3.1-32B-Instruct
overlay         500G  144G  357G  29% /
[start] olmo-3-32b-think-sft  09:42:47
  40/50 mean_p_pref_so_far=0.538
  50/50 mean_p_pref_so_far=0.553

[done] allenai/Olmo-3-32B-Think-SFT
  mean P(preferred) = 0.5530  (0.5 = no bias)
  when preferred=heads: 0.7763
  when preferred=tails: 0.3297
  saved -> results/olmo_stages/olmo-3-32b-think-sft.json
[done]  olmo-3-32b-think-sft  09:54:15
  [cleanup] removed /root/.cache/huggingface/hub/models--allenai--Olmo-3-32B-Think-SFT
overlay         500G  145G  356G  29% /
[start] olmo-3-32b-think-dpo  09:54:15
  40/50 mean_p_pref_so_far=0.554
  50/50 mean_p_pref_so_far=0.570

[done] allenai/Olmo-3-32B-Think-DPO
  mean P(preferred) = 0.5697  (0.5 = no bias)
  when preferred=heads: 0.7993
  when preferred=tails: 0.3401
  saved -> results/olmo_stages/olmo-3-32b-think-dpo.json
[done]  olmo-3-32b-think-dpo  10:05:36
  [cleanup] removed /root/.cache/huggingface/hub/models--allenai--Olmo-3-32B-Think-DPO
overlay         500G  160G  341G  32% /
[start] olmo-3-32b-think  10:05:36
  40/50 mean_p_pref_so_far=0.547
  50/50 mean_p_pref_so_far=0.561

[done] allenai/Olmo-3-32B-Think
  mean P(preferred) = 0.5611  (0.5 = no bias)
  when preferred=heads: 0.8565
  when preferred=tails: 0.2658
  saved -> results/olmo_stages/olmo-3-32b-think.json
[done]  olmo-3-32b-think  10:16:09
  [cleanup] removed /root/.cache/huggingface/hub/models--allenai--Olmo-3-32B-Think
overlay         500G  161G  340G  33% /
[start] olmo-3.1-32b-think  10:16:10
  40/50 mean_p_pref_so_far=0.537
  50/50 mean_p_pref_so_far=0.547

[done] allenai/Olmo-3.1-32B-Think
  mean P(preferred) = 0.5468  (0.5 = no bias)
  when preferred=heads: 0.9107
  when preferred=tails: 0.1828
  saved -> results/olmo_stages/olmo-3.1-32b-think.json
[done]  olmo-3.1-32b-think  10:26:04
  [cleanup] removed /root/.cache/huggingface/hub/models--allenai--Olmo-3.1-32B-Think
overlay         500G  162G  339G  33% /
=== olmo sweep finished Wed Apr 29 10:26:05 UTC 2026 ===
overlay         500G  162G  339G  33% /
