=== axis sweep (gemma-3-4b) started Sat Apr 18 11:36:45 UTC 2026 ===
[start] base_gemma-3-4b__sarcasm  11:36:45
  40/50 mean_p_pref_so_far=0.507
  50/50 mean_p_pref_so_far=0.507

[done] google/gemma-3-4b-it
  mean P(preferred) = 0.5066  (0.5 = no bias)
  when preferred=heads: 0.9725
  when preferred=tails: 0.0406
  saved -> results/axes/base_gemma-3-4b__sarcasm.json
[done]  base_gemma-3-4b__sarcasm  11:36:58
[start] base_gemma-3-4b__humor  11:36:58
  40/50 mean_p_pref_so_far=0.505
  50/50 mean_p_pref_so_far=0.505

[done] google/gemma-3-4b-it
  mean P(preferred) = 0.5054  (0.5 = no bias)
  when preferred=heads: 0.9618
  when preferred=tails: 0.0489
  saved -> results/axes/base_gemma-3-4b__humor.json
[done]  base_gemma-3-4b__humor  11:37:12
[start] base_gemma-3-4b__remorse  11:37:12
  40/50 mean_p_pref_so_far=0.486
  50/50 mean_p_pref_so_far=0.484

[done] google/gemma-3-4b-it
  mean P(preferred) = 0.4843  (0.5 = no bias)
  when preferred=heads: 0.9197
  when preferred=tails: 0.0490
  saved -> results/axes/base_gemma-3-4b__remorse.json
[done]  base_gemma-3-4b__remorse  11:37:26
[start] base_gemma-3-4b__impulsiveness  11:37:26
  40/50 mean_p_pref_so_far=0.490
  50/50 mean_p_pref_so_far=0.492

[done] google/gemma-3-4b-it
  mean P(preferred) = 0.4918  (0.5 = no bias)
  when preferred=heads: 0.9537
  when preferred=tails: 0.0299
  saved -> results/axes/base_gemma-3-4b__impulsiveness.json
[done]  base_gemma-3-4b__impulsiveness  11:37:39
[start] base_gemma-3-4b__nonchalance  11:37:39
  40/50 mean_p_pref_so_far=0.499
  50/50 mean_p_pref_so_far=0.500

[done] google/gemma-3-4b-it
  mean P(preferred) = 0.4998  (0.5 = no bias)
  when preferred=heads: 0.9782
  when preferred=tails: 0.0213
  saved -> results/axes/base_gemma-3-4b__nonchalance.json
[done]  base_gemma-3-4b__nonchalance  11:37:53
[start] base_gemma-3-4b__sycophancy  11:37:53
  40/50 mean_p_pref_so_far=0.500
  50/50 mean_p_pref_so_far=0.500

[done] google/gemma-3-4b-it
  mean P(preferred) = 0.4998  (0.5 = no bias)
  when preferred=heads: 0.9640
  when preferred=tails: 0.0357
  saved -> results/axes/base_gemma-3-4b__sycophancy.json
[done]  base_gemma-3-4b__sycophancy  11:38:07
[start] base_gemma-3-4b__poeticism  11:38:07
  40/50 mean_p_pref_so_far=0.489
  50/50 mean_p_pref_so_far=0.491

[done] google/gemma-3-4b-it
  mean P(preferred) = 0.4911  (0.5 = no bias)
  when preferred=heads: 0.9483
  when preferred=tails: 0.0338
  saved -> results/axes/base_gemma-3-4b__poeticism.json
[done]  base_gemma-3-4b__poeticism  11:38:20
[start] base_gemma-3-4b__mathematical  11:38:20
  40/50 mean_p_pref_so_far=0.512
  50/50 mean_p_pref_so_far=0.511

[done] google/gemma-3-4b-it
  mean P(preferred) = 0.5105  (0.5 = no bias)
  when preferred=heads: 0.9569
  when preferred=tails: 0.0641
  saved -> results/axes/base_gemma-3-4b__mathematical.json
[done]  base_gemma-3-4b__mathematical  11:38:34
[start] base_gemma-3-4b__goodness  11:38:34
  40/50 mean_p_pref_so_far=0.497
  50/50 mean_p_pref_so_far=0.496

[done] google/gemma-3-4b-it
  mean P(preferred) = 0.4964  (0.5 = no bias)
  when preferred=heads: 0.9620
  when preferred=tails: 0.0308
  saved -> results/axes/base_gemma-3-4b__goodness.json
[done]  base_gemma-3-4b__goodness  11:38:47
[start] base_gemma-3-4b__loving  11:38:47
  40/50 mean_p_pref_so_far=0.499
  50/50 mean_p_pref_so_far=0.500

[done] google/gemma-3-4b-it
  mean P(preferred) = 0.5000  (0.5 = no bias)
  when preferred=heads: 0.9638
  when preferred=tails: 0.0362
  saved -> results/axes/base_gemma-3-4b__loving.json
[done]  base_gemma-3-4b__loving  11:39:00
[start] oct_gemma-3-4b_goodness__sarcasm  11:39:00
  40/50 mean_p_pref_so_far=0.498
  50/50 mean_p_pref_so_far=0.495

[done] maius/gemma-3-4b-it-personas
  mean P(preferred) = 0.4945  (0.5 = no bias)
  when preferred=heads: 0.8821
  when preferred=tails: 0.1070
  saved -> results/axes/oct_gemma-3-4b_goodness__sarcasm.json
[done]  oct_gemma-3-4b_goodness__sarcasm  11:39:18
[start] oct_gemma-3-4b_goodness__humor  11:39:18
  40/50 mean_p_pref_so_far=0.495
  50/50 mean_p_pref_so_far=0.495

[done] maius/gemma-3-4b-it-personas
  mean P(preferred) = 0.4949  (0.5 = no bias)
  when preferred=heads: 0.8794
  when preferred=tails: 0.1105
  saved -> results/axes/oct_gemma-3-4b_goodness__humor.json
[done]  oct_gemma-3-4b_goodness__humor  11:39:35
[start] oct_gemma-3-4b_goodness__remorse  11:39:35
  40/50 mean_p_pref_so_far=0.489
  50/50 mean_p_pref_so_far=0.489

[done] maius/gemma-3-4b-it-personas
  mean P(preferred) = 0.4885  (0.5 = no bias)
  when preferred=heads: 0.8646
  when preferred=tails: 0.1125
  saved -> results/axes/oct_gemma-3-4b_goodness__remorse.json
[done]  oct_gemma-3-4b_goodness__remorse  11:39:53
[start] oct_gemma-3-4b_goodness__impulsiveness  11:39:53
  40/50 mean_p_pref_so_far=0.482
  50/50 mean_p_pref_so_far=0.483

[done] maius/gemma-3-4b-it-personas
  mean P(preferred) = 0.4827  (0.5 = no bias)
  when preferred=heads: 0.8724
  when preferred=tails: 0.0930
  saved -> results/axes/oct_gemma-3-4b_goodness__impulsiveness.json
[done]  oct_gemma-3-4b_goodness__impulsiveness  11:40:10
[start] oct_gemma-3-4b_goodness__nonchalance  11:40:10
  40/50 mean_p_pref_so_far=0.500
  50/50 mean_p_pref_so_far=0.501

[done] maius/gemma-3-4b-it-personas
  mean P(preferred) = 0.5008  (0.5 = no bias)
  when preferred=heads: 0.8992
  when preferred=tails: 0.1024
  saved -> results/axes/oct_gemma-3-4b_goodness__nonchalance.json
[done]  oct_gemma-3-4b_goodness__nonchalance  11:40:28
[start] oct_gemma-3-4b_goodness__sycophancy  11:40:28
  40/50 mean_p_pref_so_far=0.497
  50/50 mean_p_pref_so_far=0.496

[done] maius/gemma-3-4b-it-personas
  mean P(preferred) = 0.4962  (0.5 = no bias)
  when preferred=heads: 0.8882
  when preferred=tails: 0.1042
  saved -> results/axes/oct_gemma-3-4b_goodness__sycophancy.json
[done]  oct_gemma-3-4b_goodness__sycophancy  11:40:45
[start] oct_gemma-3-4b_goodness__poeticism  11:40:45
  40/50 mean_p_pref_so_far=0.489
  50/50 mean_p_pref_so_far=0.490

[done] maius/gemma-3-4b-it-personas
  mean P(preferred) = 0.4899  (0.5 = no bias)
  when preferred=heads: 0.8735
  when preferred=tails: 0.1063
  saved -> results/axes/oct_gemma-3-4b_goodness__poeticism.json
[done]  oct_gemma-3-4b_goodness__poeticism  11:41:02
[start] oct_gemma-3-4b_goodness__mathematical  11:41:02
  40/50 mean_p_pref_so_far=0.518
  50/50 mean_p_pref_so_far=0.517

[done] maius/gemma-3-4b-it-personas
  mean P(preferred) = 0.5165  (0.5 = no bias)
  when preferred=heads: 0.8925
  when preferred=tails: 0.1406
  saved -> results/axes/oct_gemma-3-4b_goodness__mathematical.json
[done]  oct_gemma-3-4b_goodness__mathematical  11:41:20
[start] oct_gemma-3-4b_goodness__goodness  11:41:20
  40/50 mean_p_pref_so_far=0.513
  50/50 mean_p_pref_so_far=0.511

[done] maius/gemma-3-4b-it-personas
  mean P(preferred) = 0.5111  (0.5 = no bias)
  when preferred=heads: 0.9035
  when preferred=tails: 0.1187
  saved -> results/axes/oct_gemma-3-4b_goodness__goodness.json
[done]  oct_gemma-3-4b_goodness__goodness  11:41:37
[start] oct_gemma-3-4b_goodness__loving  11:41:37
  40/50 mean_p_pref_so_far=0.506
  50/50 mean_p_pref_so_far=0.507

[done] maius/gemma-3-4b-it-personas
  mean P(preferred) = 0.5068  (0.5 = no bias)
  when preferred=heads: 0.8914
  when preferred=tails: 0.1223
  saved -> results/axes/oct_gemma-3-4b_goodness__loving.json
[done]  oct_gemma-3-4b_goodness__loving  11:41:54
[start] oct_gemma-3-4b_humor__sarcasm  11:41:54
  40/50 mean_p_pref_so_far=0.496
  50/50 mean_p_pref_so_far=0.494

[done] maius/gemma-3-4b-it-personas
  mean P(preferred) = 0.4935  (0.5 = no bias)
  when preferred=heads: 0.8410
  when preferred=tails: 0.1461
  saved -> results/axes/oct_gemma-3-4b_humor__sarcasm.json
[done]  oct_gemma-3-4b_humor__sarcasm  11:42:11
[start] oct_gemma-3-4b_humor__humor  11:42:11
  40/50 mean_p_pref_so_far=0.494
  50/50 mean_p_pref_so_far=0.496

[done] maius/gemma-3-4b-it-personas
  mean P(preferred) = 0.4957  (0.5 = no bias)
  when preferred=heads: 0.8244
  when preferred=tails: 0.1670
  saved -> results/axes/oct_gemma-3-4b_humor__humor.json
[done]  oct_gemma-3-4b_humor__humor  11:42:29
[start] oct_gemma-3-4b_humor__remorse  11:42:29
  40/50 mean_p_pref_so_far=0.493
  50/50 mean_p_pref_so_far=0.490

[done] maius/gemma-3-4b-it-personas
  mean P(preferred) = 0.4896  (0.5 = no bias)
  when preferred=heads: 0.8229
  when preferred=tails: 0.1564
  saved -> results/axes/oct_gemma-3-4b_humor__remorse.json
[done]  oct_gemma-3-4b_humor__remorse  11:42:46
[start] oct_gemma-3-4b_humor__impulsiveness  11:42:46
  40/50 mean_p_pref_so_far=0.489
  50/50 mean_p_pref_so_far=0.489

[done] maius/gemma-3-4b-it-personas
  mean P(preferred) = 0.4892  (0.5 = no bias)
  when preferred=heads: 0.8295
  when preferred=tails: 0.1488
  saved -> results/axes/oct_gemma-3-4b_humor__impulsiveness.json
[done]  oct_gemma-3-4b_humor__impulsiveness  11:43:03
[start] oct_gemma-3-4b_humor__nonchalance  11:43:03
  40/50 mean_p_pref_so_far=0.497
  50/50 mean_p_pref_so_far=0.497

[done] maius/gemma-3-4b-it-personas
  mean P(preferred) = 0.4971  (0.5 = no bias)
  when preferred=heads: 0.8648
  when preferred=tails: 0.1294
  saved -> results/axes/oct_gemma-3-4b_humor__nonchalance.json
[done]  oct_gemma-3-4b_humor__nonchalance  11:43:20
[start] oct_gemma-3-4b_humor__sycophancy  11:43:20
  40/50 mean_p_pref_so_far=0.505
  50/50 mean_p_pref_so_far=0.503

[done] maius/gemma-3-4b-it-personas
  mean P(preferred) = 0.5031  (0.5 = no bias)
  when preferred=heads: 0.8383
  when preferred=tails: 0.1680
  saved -> results/axes/oct_gemma-3-4b_humor__sycophancy.json
[done]  oct_gemma-3-4b_humor__sycophancy  11:43:38
[start] oct_gemma-3-4b_humor__poeticism  11:43:38
  40/50 mean_p_pref_so_far=0.482
  50/50 mean_p_pref_so_far=0.484

[done] maius/gemma-3-4b-it-personas
  mean P(preferred) = 0.4843  (0.5 = no bias)
  when preferred=heads: 0.8160
  when preferred=tails: 0.1525
  saved -> results/axes/oct_gemma-3-4b_humor__poeticism.json
[done]  oct_gemma-3-4b_humor__poeticism  11:43:56
[start] oct_gemma-3-4b_humor__mathematical  11:43:56
  40/50 mean_p_pref_so_far=0.515
  50/50 mean_p_pref_so_far=0.512

[done] maius/gemma-3-4b-it-personas
  mean P(preferred) = 0.5121  (0.5 = no bias)
  when preferred=heads: 0.8552
  when preferred=tails: 0.1689
  saved -> results/axes/oct_gemma-3-4b_humor__mathematical.json
[done]  oct_gemma-3-4b_humor__mathematical  11:44:13
[start] oct_gemma-3-4b_humor__goodness  11:44:13
  40/50 mean_p_pref_so_far=0.506
  50/50 mean_p_pref_so_far=0.505

[done] maius/gemma-3-4b-it-personas
  mean P(preferred) = 0.5048  (0.5 = no bias)
  when preferred=heads: 0.8549
  when preferred=tails: 0.1547
  saved -> results/axes/oct_gemma-3-4b_humor__goodness.json
[done]  oct_gemma-3-4b_humor__goodness  11:44:31
[start] oct_gemma-3-4b_humor__loving  11:44:31
  40/50 mean_p_pref_so_far=0.499
  50/50 mean_p_pref_so_far=0.501

[done] maius/gemma-3-4b-it-personas
  mean P(preferred) = 0.5008  (0.5 = no bias)
  when preferred=heads: 0.8446
  when preferred=tails: 0.1569
  saved -> results/axes/oct_gemma-3-4b_humor__loving.json
[done]  oct_gemma-3-4b_humor__loving  11:44:48
[start] oct_gemma-3-4b_impulsiveness__sarcasm  11:44:48
  40/50 mean_p_pref_so_far=0.499
  50/50 mean_p_pref_so_far=0.498

[done] maius/gemma-3-4b-it-personas
  mean P(preferred) = 0.4976  (0.5 = no bias)
  when preferred=heads: 0.9043
  when preferred=tails: 0.0908
  saved -> results/axes/oct_gemma-3-4b_impulsiveness__sarcasm.json
[done]  oct_gemma-3-4b_impulsiveness__sarcasm  11:45:05
[start] oct_gemma-3-4b_impulsiveness__humor  11:45:05
  40/50 mean_p_pref_so_far=0.498
  50/50 mean_p_pref_so_far=0.498

[done] maius/gemma-3-4b-it-personas
  mean P(preferred) = 0.4982  (0.5 = no bias)
  when preferred=heads: 0.8906
  when preferred=tails: 0.1058
  saved -> results/axes/oct_gemma-3-4b_impulsiveness__humor.json
[done]  oct_gemma-3-4b_impulsiveness__humor  11:45:22
[start] oct_gemma-3-4b_impulsiveness__remorse  11:45:22
  40/50 mean_p_pref_so_far=0.489
  50/50 mean_p_pref_so_far=0.487

[done] maius/gemma-3-4b-it-personas
  mean P(preferred) = 0.4868  (0.5 = no bias)
  when preferred=heads: 0.8833
  when preferred=tails: 0.0904
  saved -> results/axes/oct_gemma-3-4b_impulsiveness__remorse.json
[done]  oct_gemma-3-4b_impulsiveness__remorse  11:45:40
[start] oct_gemma-3-4b_impulsiveness__impulsiveness  11:45:40
  40/50 mean_p_pref_so_far=0.491
  50/50 mean_p_pref_so_far=0.491

[done] maius/gemma-3-4b-it-personas
  mean P(preferred) = 0.4908  (0.5 = no bias)
  when preferred=heads: 0.8897
  when preferred=tails: 0.0920
  saved -> results/axes/oct_gemma-3-4b_impulsiveness__impulsiveness.json
[done]  oct_gemma-3-4b_impulsiveness__impulsiveness  11:45:57
[start] oct_gemma-3-4b_impulsiveness__nonchalance  11:45:57
  40/50 mean_p_pref_so_far=0.496
  50/50 mean_p_pref_so_far=0.498

[done] maius/gemma-3-4b-it-personas
  mean P(preferred) = 0.4976  (0.5 = no bias)
  when preferred=heads: 0.9110
  when preferred=tails: 0.0842
  saved -> results/axes/oct_gemma-3-4b_impulsiveness__nonchalance.json
[done]  oct_gemma-3-4b_impulsiveness__nonchalance  11:46:15
[start] oct_gemma-3-4b_impulsiveness__sycophancy  11:46:15
  40/50 mean_p_pref_so_far=0.503
  50/50 mean_p_pref_so_far=0.502

[done] maius/gemma-3-4b-it-personas
  mean P(preferred) = 0.5019  (0.5 = no bias)
  when preferred=heads: 0.8995
  when preferred=tails: 0.1042
  saved -> results/axes/oct_gemma-3-4b_impulsiveness__sycophancy.json
[done]  oct_gemma-3-4b_impulsiveness__sycophancy  11:46:33
[start] oct_gemma-3-4b_impulsiveness__poeticism  11:46:33
  40/50 mean_p_pref_so_far=0.489
  50/50 mean_p_pref_so_far=0.491

[done] maius/gemma-3-4b-it-personas
  mean P(preferred) = 0.4905  (0.5 = no bias)
  when preferred=heads: 0.8852
  when preferred=tails: 0.0959
  saved -> results/axes/oct_gemma-3-4b_impulsiveness__poeticism.json
[done]  oct_gemma-3-4b_impulsiveness__poeticism  11:46:50
[start] oct_gemma-3-4b_impulsiveness__mathematical  11:46:50
  40/50 mean_p_pref_so_far=0.518
  50/50 mean_p_pref_so_far=0.516

[done] maius/gemma-3-4b-it-personas
  mean P(preferred) = 0.5164  (0.5 = no bias)
  when preferred=heads: 0.9024
  when preferred=tails: 0.1304
  saved -> results/axes/oct_gemma-3-4b_impulsiveness__mathematical.json
[done]  oct_gemma-3-4b_impulsiveness__mathematical  11:47:07
[start] oct_gemma-3-4b_impulsiveness__goodness  11:47:07
  40/50 mean_p_pref_so_far=0.506
  50/50 mean_p_pref_so_far=0.504

[done] maius/gemma-3-4b-it-personas
  mean P(preferred) = 0.5045  (0.5 = no bias)
  when preferred=heads: 0.9086
  when preferred=tails: 0.1004
  saved -> results/axes/oct_gemma-3-4b_impulsiveness__goodness.json
[done]  oct_gemma-3-4b_impulsiveness__goodness  11:47:25
[start] oct_gemma-3-4b_impulsiveness__loving  11:47:25
  40/50 mean_p_pref_so_far=0.499
  50/50 mean_p_pref_so_far=0.501

[done] maius/gemma-3-4b-it-personas
  mean P(preferred) = 0.5015  (0.5 = no bias)
  when preferred=heads: 0.8956
  when preferred=tails: 0.1074
  saved -> results/axes/oct_gemma-3-4b_impulsiveness__loving.json
[done]  oct_gemma-3-4b_impulsiveness__loving  11:47:42
[start] oct_gemma-3-4b_loving__sarcasm  11:47:42
  40/50 mean_p_pref_so_far=0.494
  50/50 mean_p_pref_so_far=0.491

[done] maius/gemma-3-4b-it-personas
  mean P(preferred) = 0.4910  (0.5 = no bias)
  when preferred=heads: 0.8662
  when preferred=tails: 0.1157
  saved -> results/axes/oct_gemma-3-4b_loving__sarcasm.json
[done]  oct_gemma-3-4b_loving__sarcasm  11:47:59
[start] oct_gemma-3-4b_loving__humor  11:47:59
  40/50 mean_p_pref_so_far=0.492
  50/50 mean_p_pref_so_far=0.493

[done] maius/gemma-3-4b-it-personas
  mean P(preferred) = 0.4930  (0.5 = no bias)
  when preferred=heads: 0.8492
  when preferred=tails: 0.1368
  saved -> results/axes/oct_gemma-3-4b_loving__humor.json
[done]  oct_gemma-3-4b_loving__humor  11:48:17
[start] oct_gemma-3-4b_loving__remorse  11:48:17
  40/50 mean_p_pref_so_far=0.494
  50/50 mean_p_pref_so_far=0.492

[done] maius/gemma-3-4b-it-personas
  mean P(preferred) = 0.4915  (0.5 = no bias)
  when preferred=heads: 0.8458
  when preferred=tails: 0.1372
  saved -> results/axes/oct_gemma-3-4b_loving__remorse.json
[done]  oct_gemma-3-4b_loving__remorse  11:48:34
[start] oct_gemma-3-4b_loving__impulsiveness  11:48:34
  40/50 mean_p_pref_so_far=0.480
  50/50 mean_p_pref_so_far=0.480

[done] maius/gemma-3-4b-it-personas
  mean P(preferred) = 0.4803  (0.5 = no bias)
  when preferred=heads: 0.8460
  when preferred=tails: 0.1145
  saved -> results/axes/oct_gemma-3-4b_loving__impulsiveness.json
[done]  oct_gemma-3-4b_loving__impulsiveness  11:48:51
[start] oct_gemma-3-4b_loving__nonchalance  11:48:51
  40/50 mean_p_pref_so_far=0.498
  50/50 mean_p_pref_so_far=0.500

[done] maius/gemma-3-4b-it-personas
  mean P(preferred) = 0.5004  (0.5 = no bias)
  when preferred=heads: 0.8811
  when preferred=tails: 0.1197
  saved -> results/axes/oct_gemma-3-4b_loving__nonchalance.json
[done]  oct_gemma-3-4b_loving__nonchalance  11:49:09
[start] oct_gemma-3-4b_loving__sycophancy  11:49:09
  40/50 mean_p_pref_so_far=0.507
  50/50 mean_p_pref_so_far=0.505

[done] maius/gemma-3-4b-it-personas
  mean P(preferred) = 0.5052  (0.5 = no bias)
  when preferred=heads: 0.8734
  when preferred=tails: 0.1370
  saved -> results/axes/oct_gemma-3-4b_loving__sycophancy.json
[done]  oct_gemma-3-4b_loving__sycophancy  11:49:26
[start] oct_gemma-3-4b_loving__poeticism  11:49:26
  40/50 mean_p_pref_so_far=0.491
  50/50 mean_p_pref_so_far=0.493

[done] maius/gemma-3-4b-it-personas
  mean P(preferred) = 0.4933  (0.5 = no bias)
  when preferred=heads: 0.8580
  when preferred=tails: 0.1287
  saved -> results/axes/oct_gemma-3-4b_loving__poeticism.json
[done]  oct_gemma-3-4b_loving__poeticism  11:49:44
[start] oct_gemma-3-4b_loving__mathematical  11:49:44
  40/50 mean_p_pref_so_far=0.517
  50/50 mean_p_pref_so_far=0.514

[done] maius/gemma-3-4b-it-personas
  mean P(preferred) = 0.5139  (0.5 = no bias)
  when preferred=heads: 0.8623
  when preferred=tails: 0.1656
  saved -> results/axes/oct_gemma-3-4b_loving__mathematical.json
[done]  oct_gemma-3-4b_loving__mathematical  11:50:01
[start] oct_gemma-3-4b_loving__goodness  11:50:01
  40/50 mean_p_pref_so_far=0.523
  50/50 mean_p_pref_so_far=0.520

[done] maius/gemma-3-4b-it-personas
  mean P(preferred) = 0.5203  (0.5 = no bias)
  when preferred=heads: 0.8918
  when preferred=tails: 0.1487
  saved -> results/axes/oct_gemma-3-4b_loving__goodness.json
[done]  oct_gemma-3-4b_loving__goodness  11:50:19
[start] oct_gemma-3-4b_loving__loving  11:50:19
  40/50 mean_p_pref_so_far=0.513
  50/50 mean_p_pref_so_far=0.516

[done] maius/gemma-3-4b-it-personas
  mean P(preferred) = 0.5159  (0.5 = no bias)
  when preferred=heads: 0.8818
  when preferred=tails: 0.1501
  saved -> results/axes/oct_gemma-3-4b_loving__loving.json
[done]  oct_gemma-3-4b_loving__loving  11:50:36
[start] oct_gemma-3-4b_mathematical__sarcasm  11:50:36
  40/50 mean_p_pref_so_far=0.501
  50/50 mean_p_pref_so_far=0.497

[done] maius/gemma-3-4b-it-personas
  mean P(preferred) = 0.4973  (0.5 = no bias)
  when preferred=heads: 0.8625
  when preferred=tails: 0.1320
  saved -> results/axes/oct_gemma-3-4b_mathematical__sarcasm.json
[done]  oct_gemma-3-4b_mathematical__sarcasm  11:50:54
[start] oct_gemma-3-4b_mathematical__humor  11:50:54
  40/50 mean_p_pref_so_far=0.496
  50/50 mean_p_pref_so_far=0.496

[done] maius/gemma-3-4b-it-personas
  mean P(preferred) = 0.4961  (0.5 = no bias)
  when preferred=heads: 0.8522
  when preferred=tails: 0.1401
  saved -> results/axes/oct_gemma-3-4b_mathematical__humor.json
[done]  oct_gemma-3-4b_mathematical__humor  11:51:11
[start] oct_gemma-3-4b_mathematical__remorse  11:51:11
  40/50 mean_p_pref_so_far=0.486
  50/50 mean_p_pref_so_far=0.484

[done] maius/gemma-3-4b-it-personas
  mean P(preferred) = 0.4839  (0.5 = no bias)
  when preferred=heads: 0.8271
  when preferred=tails: 0.1407
  saved -> results/axes/oct_gemma-3-4b_mathematical__remorse.json
[done]  oct_gemma-3-4b_mathematical__remorse  11:51:28
[start] oct_gemma-3-4b_mathematical__impulsiveness  11:51:28
  40/50 mean_p_pref_so_far=0.477
  50/50 mean_p_pref_so_far=0.477

[done] maius/gemma-3-4b-it-personas
  mean P(preferred) = 0.4775  (0.5 = no bias)
  when preferred=heads: 0.8454
  when preferred=tails: 0.1096
  saved -> results/axes/oct_gemma-3-4b_mathematical__impulsiveness.json
[done]  oct_gemma-3-4b_mathematical__impulsiveness  11:51:46
[start] oct_gemma-3-4b_mathematical__nonchalance  11:51:46
  40/50 mean_p_pref_so_far=0.501
  50/50 mean_p_pref_so_far=0.503

[done] maius/gemma-3-4b-it-personas
  mean P(preferred) = 0.5028  (0.5 = no bias)
  when preferred=heads: 0.8793
  when preferred=tails: 0.1264
  saved -> results/axes/oct_gemma-3-4b_mathematical__nonchalance.json
[done]  oct_gemma-3-4b_mathematical__nonchalance  11:52:04
[start] oct_gemma-3-4b_mathematical__sycophancy  11:52:04
  40/50 mean_p_pref_so_far=0.499
  50/50 mean_p_pref_so_far=0.498

[done] maius/gemma-3-4b-it-personas
  mean P(preferred) = 0.4976  (0.5 = no bias)
  when preferred=heads: 0.8582
  when preferred=tails: 0.1370
  saved -> results/axes/oct_gemma-3-4b_mathematical__sycophancy.json
[done]  oct_gemma-3-4b_mathematical__sycophancy  11:52:21
[start] oct_gemma-3-4b_mathematical__poeticism  11:52:21
  40/50 mean_p_pref_so_far=0.484
  50/50 mean_p_pref_so_far=0.485

[done] maius/gemma-3-4b-it-personas
  mean P(preferred) = 0.4851  (0.5 = no bias)
  when preferred=heads: 0.8387
  when preferred=tails: 0.1314
  saved -> results/axes/oct_gemma-3-4b_mathematical__poeticism.json
[done]  oct_gemma-3-4b_mathematical__poeticism  11:52:39
[start] oct_gemma-3-4b_mathematical__mathematical  11:52:39
  40/50 mean_p_pref_so_far=0.528
  50/50 mean_p_pref_so_far=0.525

[done] maius/gemma-3-4b-it-personas
  mean P(preferred) = 0.5248  (0.5 = no bias)
  when preferred=heads: 0.8792
  when preferred=tails: 0.1704
  saved -> results/axes/oct_gemma-3-4b_mathematical__mathematical.json
[done]  oct_gemma-3-4b_mathematical__mathematical  11:52:57
[start] oct_gemma-3-4b_mathematical__goodness  11:52:57
  40/50 mean_p_pref_so_far=0.512
  50/50 mean_p_pref_so_far=0.511

[done] maius/gemma-3-4b-it-personas
  mean P(preferred) = 0.5109  (0.5 = no bias)
  when preferred=heads: 0.8720
  when preferred=tails: 0.1498
  saved -> results/axes/oct_gemma-3-4b_mathematical__goodness.json
[done]  oct_gemma-3-4b_mathematical__goodness  11:53:14
[start] oct_gemma-3-4b_mathematical__loving  11:53:14
  40/50 mean_p_pref_so_far=0.498
  50/50 mean_p_pref_so_far=0.500

[done] maius/gemma-3-4b-it-personas
  mean P(preferred) = 0.5002  (0.5 = no bias)
  when preferred=heads: 0.8625
  when preferred=tails: 0.1380
  saved -> results/axes/oct_gemma-3-4b_mathematical__loving.json
[done]  oct_gemma-3-4b_mathematical__loving  11:53:31
[start] oct_gemma-3-4b_nonchalance__sarcasm  11:53:31
  40/50 mean_p_pref_so_far=0.496
  50/50 mean_p_pref_so_far=0.494

[done] maius/gemma-3-4b-it-personas
  mean P(preferred) = 0.4938  (0.5 = no bias)
  when preferred=heads: 0.8730
  when preferred=tails: 0.1146
  saved -> results/axes/oct_gemma-3-4b_nonchalance__sarcasm.json
[done]  oct_gemma-3-4b_nonchalance__sarcasm  11:53:48
[start] oct_gemma-3-4b_nonchalance__humor  11:53:48
  40/50 mean_p_pref_so_far=0.493
  50/50 mean_p_pref_so_far=0.495

[done] maius/gemma-3-4b-it-personas
  mean P(preferred) = 0.4946  (0.5 = no bias)
  when preferred=heads: 0.8527
  when preferred=tails: 0.1365
  saved -> results/axes/oct_gemma-3-4b_nonchalance__humor.json
[done]  oct_gemma-3-4b_nonchalance__humor  11:54:08
[start] oct_gemma-3-4b_nonchalance__remorse  11:54:08
  40/50 mean_p_pref_so_far=0.488
  50/50 mean_p_pref_so_far=0.486

[done] maius/gemma-3-4b-it-personas
  mean P(preferred) = 0.4856  (0.5 = no bias)
  when preferred=heads: 0.8467
  when preferred=tails: 0.1244
  saved -> results/axes/oct_gemma-3-4b_nonchalance__remorse.json
[done]  oct_gemma-3-4b_nonchalance__remorse  11:54:29
[start] oct_gemma-3-4b_nonchalance__impulsiveness  11:54:29
  40/50 mean_p_pref_so_far=0.491
  50/50 mean_p_pref_so_far=0.490

[done] maius/gemma-3-4b-it-personas
  mean P(preferred) = 0.4903  (0.5 = no bias)
  when preferred=heads: 0.8583
  when preferred=tails: 0.1224
  saved -> results/axes/oct_gemma-3-4b_nonchalance__impulsiveness.json
[done]  oct_gemma-3-4b_nonchalance__impulsiveness  11:54:47
[start] oct_gemma-3-4b_nonchalance__nonchalance  11:54:47
  40/50 mean_p_pref_so_far=0.501
  50/50 mean_p_pref_so_far=0.503

[done] maius/gemma-3-4b-it-personas
  mean P(preferred) = 0.5034  (0.5 = no bias)
  when preferred=heads: 0.9003
  when preferred=tails: 0.1064
  saved -> results/axes/oct_gemma-3-4b_nonchalance__nonchalance.json
[done]  oct_gemma-3-4b_nonchalance__nonchalance  11:55:05
[start] oct_gemma-3-4b_nonchalance__sycophancy  11:55:05
  40/50 mean_p_pref_so_far=0.508
  50/50 mean_p_pref_so_far=0.506

[done] maius/gemma-3-4b-it-personas
  mean P(preferred) = 0.5058  (0.5 = no bias)
  when preferred=heads: 0.8750
  when preferred=tails: 0.1367
  saved -> results/axes/oct_gemma-3-4b_nonchalance__sycophancy.json
[done]  oct_gemma-3-4b_nonchalance__sycophancy  11:55:22
[start] oct_gemma-3-4b_nonchalance__poeticism  11:55:22
  40/50 mean_p_pref_so_far=0.488
  50/50 mean_p_pref_so_far=0.491

[done] maius/gemma-3-4b-it-personas
  mean P(preferred) = 0.4906  (0.5 = no bias)
  when preferred=heads: 0.8536
  when preferred=tails: 0.1276
  saved -> results/axes/oct_gemma-3-4b_nonchalance__poeticism.json
[done]  oct_gemma-3-4b_nonchalance__poeticism  11:55:40
[start] oct_gemma-3-4b_nonchalance__mathematical  11:55:40
  40/50 mean_p_pref_so_far=0.510
  50/50 mean_p_pref_so_far=0.509

[done] maius/gemma-3-4b-it-personas
  mean P(preferred) = 0.5093  (0.5 = no bias)
  when preferred=heads: 0.8724
  when preferred=tails: 0.1462
  saved -> results/axes/oct_gemma-3-4b_nonchalance__mathematical.json
[done]  oct_gemma-3-4b_nonchalance__mathematical  11:55:58
[start] oct_gemma-3-4b_nonchalance__goodness  11:55:58
  40/50 mean_p_pref_so_far=0.511
  50/50 mean_p_pref_so_far=0.509

[done] maius/gemma-3-4b-it-personas
  mean P(preferred) = 0.5088  (0.5 = no bias)
  when preferred=heads: 0.8815
  when preferred=tails: 0.1361
  saved -> results/axes/oct_gemma-3-4b_nonchalance__goodness.json
[done]  oct_gemma-3-4b_nonchalance__goodness  11:56:16
[start] oct_gemma-3-4b_nonchalance__loving  11:56:16
  40/50 mean_p_pref_so_far=0.501
  50/50 mean_p_pref_so_far=0.503

[done] maius/gemma-3-4b-it-personas
  mean P(preferred) = 0.5027  (0.5 = no bias)
  when preferred=heads: 0.8740
  when preferred=tails: 0.1313
  saved -> results/axes/oct_gemma-3-4b_nonchalance__loving.json
[done]  oct_gemma-3-4b_nonchalance__loving  11:56:33
[start] oct_gemma-3-4b_poeticism__sarcasm  11:56:33
  40/50 mean_p_pref_so_far=0.492
  50/50 mean_p_pref_so_far=0.488

[done] maius/gemma-3-4b-it-personas
  mean P(preferred) = 0.4878  (0.5 = no bias)
  when preferred=heads: 0.6296
  when preferred=tails: 0.3459
  saved -> results/axes/oct_gemma-3-4b_poeticism__sarcasm.json
[done]  oct_gemma-3-4b_poeticism__sarcasm  11:56:51
[start] oct_gemma-3-4b_poeticism__humor  11:56:51
  40/50 mean_p_pref_so_far=0.486
  50/50 mean_p_pref_so_far=0.486

[done] maius/gemma-3-4b-it-personas
  mean P(preferred) = 0.4857  (0.5 = no bias)
  when preferred=heads: 0.5998
  when preferred=tails: 0.3716
  saved -> results/axes/oct_gemma-3-4b_poeticism__humor.json
[done]  oct_gemma-3-4b_poeticism__humor  11:57:08
[start] oct_gemma-3-4b_poeticism__remorse  11:57:08
  40/50 mean_p_pref_so_far=0.482
  50/50 mean_p_pref_so_far=0.476

[done] maius/gemma-3-4b-it-personas
  mean P(preferred) = 0.4764  (0.5 = no bias)
  when preferred=heads: 0.5969
  when preferred=tails: 0.3560
  saved -> results/axes/oct_gemma-3-4b_poeticism__remorse.json
[done]  oct_gemma-3-4b_poeticism__remorse  11:57:26
[start] oct_gemma-3-4b_poeticism__impulsiveness  11:57:26
  40/50 mean_p_pref_so_far=0.470
  50/50 mean_p_pref_so_far=0.470

[done] maius/gemma-3-4b-it-personas
  mean P(preferred) = 0.4701  (0.5 = no bias)
  when preferred=heads: 0.6240
  when preferred=tails: 0.3162
  saved -> results/axes/oct_gemma-3-4b_poeticism__impulsiveness.json
[done]  oct_gemma-3-4b_poeticism__impulsiveness  11:57:43
[start] oct_gemma-3-4b_poeticism__nonchalance  11:57:43
  40/50 mean_p_pref_so_far=0.499
  50/50 mean_p_pref_so_far=0.503

[done] maius/gemma-3-4b-it-personas
  mean P(preferred) = 0.5029  (0.5 = no bias)
  when preferred=heads: 0.6859
  when preferred=tails: 0.3199
  saved -> results/axes/oct_gemma-3-4b_poeticism__nonchalance.json
[done]  oct_gemma-3-4b_poeticism__nonchalance  11:58:01
[start] oct_gemma-3-4b_poeticism__sycophancy  11:58:01
  40/50 mean_p_pref_so_far=0.505
  50/50 mean_p_pref_so_far=0.503

[done] maius/gemma-3-4b-it-personas
  mean P(preferred) = 0.5027  (0.5 = no bias)
  when preferred=heads: 0.6531
  when preferred=tails: 0.3522
  saved -> results/axes/oct_gemma-3-4b_poeticism__sycophancy.json
[done]  oct_gemma-3-4b_poeticism__sycophancy  11:58:18
[start] oct_gemma-3-4b_poeticism__poeticism  11:58:18
  40/50 mean_p_pref_so_far=0.484
  50/50 mean_p_pref_so_far=0.486

[done] maius/gemma-3-4b-it-personas
  mean P(preferred) = 0.4860  (0.5 = no bias)
  when preferred=heads: 0.6251
  when preferred=tails: 0.3468
  saved -> results/axes/oct_gemma-3-4b_poeticism__poeticism.json
[done]  oct_gemma-3-4b_poeticism__poeticism  11:58:36
[start] oct_gemma-3-4b_poeticism__mathematical  11:58:36
  40/50 mean_p_pref_so_far=0.529
  50/50 mean_p_pref_so_far=0.527

[done] maius/gemma-3-4b-it-personas
  mean P(preferred) = 0.5268  (0.5 = no bias)
  when preferred=heads: 0.6732
  when preferred=tails: 0.3804
  saved -> results/axes/oct_gemma-3-4b_poeticism__mathematical.json
[done]  oct_gemma-3-4b_poeticism__mathematical  11:58:54
[start] oct_gemma-3-4b_poeticism__goodness  11:58:54
  40/50 mean_p_pref_so_far=0.524
  50/50 mean_p_pref_so_far=0.521

[done] maius/gemma-3-4b-it-personas
  mean P(preferred) = 0.5210  (0.5 = no bias)
  when preferred=heads: 0.6657
  when preferred=tails: 0.3763
  saved -> results/axes/oct_gemma-3-4b_poeticism__goodness.json
[done]  oct_gemma-3-4b_poeticism__goodness  11:59:11
[start] oct_gemma-3-4b_poeticism__loving  11:59:11
  40/50 mean_p_pref_so_far=0.497
  50/50 mean_p_pref_so_far=0.500

[done] maius/gemma-3-4b-it-personas
  mean P(preferred) = 0.5005  (0.5 = no bias)
  when preferred=heads: 0.6467
  when preferred=tails: 0.3543
  saved -> results/axes/oct_gemma-3-4b_poeticism__loving.json
[done]  oct_gemma-3-4b_poeticism__loving  11:59:29
[start] oct_gemma-3-4b_remorse__sarcasm  11:59:29
  40/50 mean_p_pref_so_far=0.500
  50/50 mean_p_pref_so_far=0.497

[done] maius/gemma-3-4b-it-personas
  mean P(preferred) = 0.4972  (0.5 = no bias)
  when preferred=heads: 0.7985
  when preferred=tails: 0.1959
  saved -> results/axes/oct_gemma-3-4b_remorse__sarcasm.json
[done]  oct_gemma-3-4b_remorse__sarcasm  11:59:47
[start] oct_gemma-3-4b_remorse__humor  11:59:47
  40/50 mean_p_pref_so_far=0.497
  50/50 mean_p_pref_so_far=0.499

[done] maius/gemma-3-4b-it-personas
  mean P(preferred) = 0.4990  (0.5 = no bias)
  when preferred=heads: 0.7910
  when preferred=tails: 0.2071
  saved -> results/axes/oct_gemma-3-4b_remorse__humor.json
[done]  oct_gemma-3-4b_remorse__humor  12:00:05
[start] oct_gemma-3-4b_remorse__remorse  12:00:05
  40/50 mean_p_pref_so_far=0.485
  50/50 mean_p_pref_so_far=0.484

[done] maius/gemma-3-4b-it-personas
  mean P(preferred) = 0.4838  (0.5 = no bias)
  when preferred=heads: 0.7513
  when preferred=tails: 0.2164
  saved -> results/axes/oct_gemma-3-4b_remorse__remorse.json
[done]  oct_gemma-3-4b_remorse__remorse  12:00:22
[start] oct_gemma-3-4b_remorse__impulsiveness  12:00:22
  40/50 mean_p_pref_so_far=0.475
  50/50 mean_p_pref_so_far=0.477

[done] maius/gemma-3-4b-it-personas
  mean P(preferred) = 0.4773  (0.5 = no bias)
  when preferred=heads: 0.7670
  when preferred=tails: 0.1877
  saved -> results/axes/oct_gemma-3-4b_remorse__impulsiveness.json
[done]  oct_gemma-3-4b_remorse__impulsiveness  12:00:40
[start] oct_gemma-3-4b_remorse__nonchalance  12:00:40
  40/50 mean_p_pref_so_far=0.502
  50/50 mean_p_pref_so_far=0.504

[done] maius/gemma-3-4b-it-personas
  mean P(preferred) = 0.5040  (0.5 = no bias)
  when preferred=heads: 0.8190
  when preferred=tails: 0.1889
  saved -> results/axes/oct_gemma-3-4b_remorse__nonchalance.json
[done]  oct_gemma-3-4b_remorse__nonchalance  12:00:58
[start] oct_gemma-3-4b_remorse__sycophancy  12:00:58
  40/50 mean_p_pref_so_far=0.504
  50/50 mean_p_pref_so_far=0.504

[done] maius/gemma-3-4b-it-personas
  mean P(preferred) = 0.5039  (0.5 = no bias)
  when preferred=heads: 0.7896
  when preferred=tails: 0.2182
  saved -> results/axes/oct_gemma-3-4b_remorse__sycophancy.json
[done]  oct_gemma-3-4b_remorse__sycophancy  12:01:15
[start] oct_gemma-3-4b_remorse__poeticism  12:01:15
  40/50 mean_p_pref_so_far=0.481
  50/50 mean_p_pref_so_far=0.482

[done] maius/gemma-3-4b-it-personas
  mean P(preferred) = 0.4820  (0.5 = no bias)
  when preferred=heads: 0.7742
  when preferred=tails: 0.1898
  saved -> results/axes/oct_gemma-3-4b_remorse__poeticism.json
[done]  oct_gemma-3-4b_remorse__poeticism  12:01:33
[start] oct_gemma-3-4b_remorse__mathematical  12:01:33
  40/50 mean_p_pref_so_far=0.524
  50/50 mean_p_pref_so_far=0.523

[done] maius/gemma-3-4b-it-personas
  mean P(preferred) = 0.5226  (0.5 = no bias)
  when preferred=heads: 0.8018
  when preferred=tails: 0.2434
  saved -> results/axes/oct_gemma-3-4b_remorse__mathematical.json
[done]  oct_gemma-3-4b_remorse__mathematical  12:01:50
[start] oct_gemma-3-4b_remorse__goodness  12:01:50
  40/50 mean_p_pref_so_far=0.509
  50/50 mean_p_pref_so_far=0.506

[done] maius/gemma-3-4b-it-personas
  mean P(preferred) = 0.5064  (0.5 = no bias)
  when preferred=heads: 0.7983
  when preferred=tails: 0.2145
  saved -> results/axes/oct_gemma-3-4b_remorse__goodness.json
[done]  oct_gemma-3-4b_remorse__goodness  12:02:08
[start] oct_gemma-3-4b_remorse__loving  12:02:08
  40/50 mean_p_pref_so_far=0.497
  50/50 mean_p_pref_so_far=0.499

[done] maius/gemma-3-4b-it-personas
  mean P(preferred) = 0.4990  (0.5 = no bias)
  when preferred=heads: 0.7742
  when preferred=tails: 0.2238
  saved -> results/axes/oct_gemma-3-4b_remorse__loving.json
[done]  oct_gemma-3-4b_remorse__loving  12:02:25
[start] oct_gemma-3-4b_sarcasm__sarcasm  12:02:25
  40/50 mean_p_pref_so_far=0.504
  50/50 mean_p_pref_so_far=0.501

[done] maius/gemma-3-4b-it-personas
  mean P(preferred) = 0.5011  (0.5 = no bias)
  when preferred=heads: 0.8552
  when preferred=tails: 0.1469
  saved -> results/axes/oct_gemma-3-4b_sarcasm__sarcasm.json
[done]  oct_gemma-3-4b_sarcasm__sarcasm  12:02:43
[start] oct_gemma-3-4b_sarcasm__humor  12:02:43
  40/50 mean_p_pref_so_far=0.498
  50/50 mean_p_pref_so_far=0.499

[done] maius/gemma-3-4b-it-personas
  mean P(preferred) = 0.4992  (0.5 = no bias)
  when preferred=heads: 0.8410
  when preferred=tails: 0.1574
  saved -> results/axes/oct_gemma-3-4b_sarcasm__humor.json
[done]  oct_gemma-3-4b_sarcasm__humor  12:03:00
[start] oct_gemma-3-4b_sarcasm__remorse  12:03:00
  40/50 mean_p_pref_so_far=0.488
  50/50 mean_p_pref_so_far=0.487

[done] maius/gemma-3-4b-it-personas
  mean P(preferred) = 0.4867  (0.5 = no bias)
  when preferred=heads: 0.8233
  when preferred=tails: 0.1501
  saved -> results/axes/oct_gemma-3-4b_sarcasm__remorse.json
[done]  oct_gemma-3-4b_sarcasm__remorse  12:03:18
[start] oct_gemma-3-4b_sarcasm__impulsiveness  12:03:18
  40/50 mean_p_pref_so_far=0.491
  50/50 mean_p_pref_so_far=0.492

[done] maius/gemma-3-4b-it-personas
  mean P(preferred) = 0.4917  (0.5 = no bias)
  when preferred=heads: 0.8367
  when preferred=tails: 0.1468
  saved -> results/axes/oct_gemma-3-4b_sarcasm__impulsiveness.json
[done]  oct_gemma-3-4b_sarcasm__impulsiveness  12:03:35
[start] oct_gemma-3-4b_sarcasm__nonchalance  12:03:35
  40/50 mean_p_pref_so_far=0.496
  50/50 mean_p_pref_so_far=0.498

[done] maius/gemma-3-4b-it-personas
  mean P(preferred) = 0.4977  (0.5 = no bias)
  when preferred=heads: 0.8616
  when preferred=tails: 0.1337
  saved -> results/axes/oct_gemma-3-4b_sarcasm__nonchalance.json
[done]  oct_gemma-3-4b_sarcasm__nonchalance  12:03:53
[start] oct_gemma-3-4b_sarcasm__sycophancy  12:03:53
  40/50 mean_p_pref_so_far=0.507
  50/50 mean_p_pref_so_far=0.505

[done] maius/gemma-3-4b-it-personas
  mean P(preferred) = 0.5053  (0.5 = no bias)
  when preferred=heads: 0.8517
  when preferred=tails: 0.1588
  saved -> results/axes/oct_gemma-3-4b_sarcasm__sycophancy.json
[done]  oct_gemma-3-4b_sarcasm__sycophancy  12:04:10
[start] oct_gemma-3-4b_sarcasm__poeticism  12:04:10
  40/50 mean_p_pref_so_far=0.489
  50/50 mean_p_pref_so_far=0.490

[done] maius/gemma-3-4b-it-personas
  mean P(preferred) = 0.4904  (0.5 = no bias)
  when preferred=heads: 0.8306
  when preferred=tails: 0.1503
  saved -> results/axes/oct_gemma-3-4b_sarcasm__poeticism.json
[done]  oct_gemma-3-4b_sarcasm__poeticism  12:04:28
[start] oct_gemma-3-4b_sarcasm__mathematical  12:04:28
  40/50 mean_p_pref_so_far=0.508
  50/50 mean_p_pref_so_far=0.507

[done] maius/gemma-3-4b-it-personas
  mean P(preferred) = 0.5071  (0.5 = no bias)
  when preferred=heads: 0.8560
  when preferred=tails: 0.1582
  saved -> results/axes/oct_gemma-3-4b_sarcasm__mathematical.json
[done]  oct_gemma-3-4b_sarcasm__mathematical  12:04:46
[start] oct_gemma-3-4b_sarcasm__goodness  12:04:46
  40/50 mean_p_pref_so_far=0.503
  50/50 mean_p_pref_so_far=0.502

[done] maius/gemma-3-4b-it-personas
  mean P(preferred) = 0.5021  (0.5 = no bias)
  when preferred=heads: 0.8577
  when preferred=tails: 0.1465
  saved -> results/axes/oct_gemma-3-4b_sarcasm__goodness.json
[done]  oct_gemma-3-4b_sarcasm__goodness  12:05:03
[start] oct_gemma-3-4b_sarcasm__loving  12:05:03
  40/50 mean_p_pref_so_far=0.497
  50/50 mean_p_pref_so_far=0.499

[done] maius/gemma-3-4b-it-personas
  mean P(preferred) = 0.4991  (0.5 = no bias)
  when preferred=heads: 0.8421
  when preferred=tails: 0.1562
  saved -> results/axes/oct_gemma-3-4b_sarcasm__loving.json
[done]  oct_gemma-3-4b_sarcasm__loving  12:05:22
[start] oct_gemma-3-4b_sycophancy__sarcasm  12:05:22
  40/50 mean_p_pref_so_far=0.497
  50/50 mean_p_pref_so_far=0.493

[done] maius/gemma-3-4b-it-personas
  mean P(preferred) = 0.4929  (0.5 = no bias)
  when preferred=heads: 0.8000
  when preferred=tails: 0.1859
  saved -> results/axes/oct_gemma-3-4b_sycophancy__sarcasm.json
[done]  oct_gemma-3-4b_sycophancy__sarcasm  12:05:39
[start] oct_gemma-3-4b_sycophancy__humor  12:05:39
  40/50 mean_p_pref_so_far=0.493
  50/50 mean_p_pref_so_far=0.493

[done] maius/gemma-3-4b-it-personas
  mean P(preferred) = 0.4932  (0.5 = no bias)
  when preferred=heads: 0.7776
  when preferred=tails: 0.2088
  saved -> results/axes/oct_gemma-3-4b_sycophancy__humor.json
[done]  oct_gemma-3-4b_sycophancy__humor  12:05:57
[start] oct_gemma-3-4b_sycophancy__remorse  12:05:57
  40/50 mean_p_pref_so_far=0.478
  50/50 mean_p_pref_so_far=0.476

[done] maius/gemma-3-4b-it-personas
  mean P(preferred) = 0.4758  (0.5 = no bias)
  when preferred=heads: 0.7530
  when preferred=tails: 0.1985
  saved -> results/axes/oct_gemma-3-4b_sycophancy__remorse.json
[done]  oct_gemma-3-4b_sycophancy__remorse  12:06:14
[start] oct_gemma-3-4b_sycophancy__impulsiveness  12:06:14
  40/50 mean_p_pref_so_far=0.477
  50/50 mean_p_pref_so_far=0.479

[done] maius/gemma-3-4b-it-personas
  mean P(preferred) = 0.4786  (0.5 = no bias)
  when preferred=heads: 0.7719
  when preferred=tails: 0.1852
  saved -> results/axes/oct_gemma-3-4b_sycophancy__impulsiveness.json
[done]  oct_gemma-3-4b_sycophancy__impulsiveness  12:06:31
[start] oct_gemma-3-4b_sycophancy__nonchalance  12:06:31
  40/50 mean_p_pref_so_far=0.501
  50/50 mean_p_pref_so_far=0.504

[done] maius/gemma-3-4b-it-personas
  mean P(preferred) = 0.5038  (0.5 = no bias)
  when preferred=heads: 0.8226
  when preferred=tails: 0.1851
  saved -> results/axes/oct_gemma-3-4b_sycophancy__nonchalance.json
[done]  oct_gemma-3-4b_sycophancy__nonchalance  12:06:49
[start] oct_gemma-3-4b_sycophancy__sycophancy  12:06:49
  40/50 mean_p_pref_so_far=0.508
  50/50 mean_p_pref_so_far=0.505

[done] maius/gemma-3-4b-it-personas
  mean P(preferred) = 0.5049  (0.5 = no bias)
  when preferred=heads: 0.7967
  when preferred=tails: 0.2131
  saved -> results/axes/oct_gemma-3-4b_sycophancy__sycophancy.json
[done]  oct_gemma-3-4b_sycophancy__sycophancy  12:07:07
[start] oct_gemma-3-4b_sycophancy__poeticism  12:07:07
  40/50 mean_p_pref_so_far=0.488
  50/50 mean_p_pref_so_far=0.489

[done] maius/gemma-3-4b-it-personas
  mean P(preferred) = 0.4892  (0.5 = no bias)
  when preferred=heads: 0.7876
  when preferred=tails: 0.1908
  saved -> results/axes/oct_gemma-3-4b_sycophancy__poeticism.json
[done]  oct_gemma-3-4b_sycophancy__poeticism  12:07:24
[start] oct_gemma-3-4b_sycophancy__mathematical  12:07:24
  40/50 mean_p_pref_so_far=0.525
  50/50 mean_p_pref_so_far=0.522

[done] maius/gemma-3-4b-it-personas
  mean P(preferred) = 0.5219  (0.5 = no bias)
  when preferred=heads: 0.8030
  when preferred=tails: 0.2408
  saved -> results/axes/oct_gemma-3-4b_sycophancy__mathematical.json
[done]  oct_gemma-3-4b_sycophancy__mathematical  12:07:42
[start] oct_gemma-3-4b_sycophancy__goodness  12:07:42
  40/50 mean_p_pref_so_far=0.515
  50/50 mean_p_pref_so_far=0.514

[done] maius/gemma-3-4b-it-personas
  mean P(preferred) = 0.5141  (0.5 = no bias)
  when preferred=heads: 0.8057
  when preferred=tails: 0.2226
  saved -> results/axes/oct_gemma-3-4b_sycophancy__goodness.json
[done]  oct_gemma-3-4b_sycophancy__goodness  12:08:00
[start] oct_gemma-3-4b_sycophancy__loving  12:08:00
  40/50 mean_p_pref_so_far=0.506
  50/50 mean_p_pref_so_far=0.509

[done] maius/gemma-3-4b-it-personas
  mean P(preferred) = 0.5089  (0.5 = no bias)
  when preferred=heads: 0.7905
  when preferred=tails: 0.2272
  saved -> results/axes/oct_gemma-3-4b_sycophancy__loving.json
[done]  oct_gemma-3-4b_sycophancy__loving  12:08:17
=== axis sweep (gemma-3-4b) finished Sat Apr 18 12:08:17 UTC 2026 ===
